==== TEST RUN LOG ====
Test Name      : diamondgotcat.ypsh
Test File      : /Users/runner/work/AutoTestingSystem/AutoTestingSystem/tests/diamondgotcat.ypsh.py
Command        : /Library/Frameworks/Python.framework/Versions/3.12/bin/python /Users/runner/work/AutoTestingSystem/AutoTestingSystem/tests/diamondgotcat.ypsh.py
Start (UTC)    : 2025-08-27T05:00:03.348865+00:00
Epoch (ns)     : 1756270803348845000
---- ENVIRONMENT ----
python_executable: /Library/Frameworks/Python.framework/Versions/3.12/bin/python
python_version   : 3.12.10 (v3.12.10:0cc81280367, Apr  8 2025, 08:46:59) [Clang 13.0.0 (clang-1300.0.29.30)]
platform         : macOS-14.7.6-arm64-arm-64bit
cwd              : /Users/runner/work/AutoTestingSystem/AutoTestingSystem
tests_dir        : /Users/runner/work/AutoTestingSystem/AutoTestingSystem/tests
os               : macos
arch             : arm64
----------------------
---- STDOUT ----

---- STDERR ----

-----------------
End   (UTC)    : 2025-08-27T05:00:03.447444+00:00
Duration (s)   : 0.098579
Return Code    : 0
======================
