==== TEST RUN LOG ====
Test Name      : diamondgotcat.ypsh
Test File      : C:\a\AutoTestingSystem\AutoTestingSystem\tests\diamondgotcat.ypsh.py
Command        : C:\hostedtoolcache\windows\Python\3.12.10\arm64\python.exe C:\a\AutoTestingSystem\AutoTestingSystem\tests\diamondgotcat.ypsh.py
Start (UTC)    : 2025-08-27T04:58:22.306672+00:00
Epoch (ns)     : 1756270702277291600
---- ENVIRONMENT ----
python_executable: C:\hostedtoolcache\windows\Python\3.12.10\arm64\python.exe
python_version   : 3.12.10 (tags/v3.12.10:0cc8128, Apr  8 2025, 12:31:18) [MSC v.1943 64 bit (ARM64)]
platform         : Windows-11-10.0.26100-SP0
cwd              : C:\a\AutoTestingSystem\AutoTestingSystem
tests_dir        : C:\a\AutoTestingSystem\AutoTestingSystem\tests
os               : windows
arch             : arm64
----------------------
---- STDOUT ----

---- STDERR ----

-----------------
End   (UTC)    : 2025-08-27T04:58:22.518154+00:00
Duration (s)   : 0.211482
Return Code    : 0
======================
