==== TEST RUN LOG ====
Test Name      : diamondgotcat.ypsh
Test File      : D:\a\AutoTestingSystem\AutoTestingSystem\tests\diamondgotcat.ypsh.py
Command        : C:\hostedtoolcache\windows\Python\3.12.10\x64\python.exe D:\a\AutoTestingSystem\AutoTestingSystem\tests\diamondgotcat.ypsh.py
Start (UTC)    : 2025-08-27T05:04:13.806696+00:00
Epoch (ns)     : 1756271053790751100
---- ENVIRONMENT ----
python_executable: C:\hostedtoolcache\windows\Python\3.12.10\x64\python.exe
python_version   : 3.12.10 (tags/v3.12.10:0cc8128, Apr  8 2025, 12:21:36) [MSC v.1943 64 bit (AMD64)]
platform         : Windows-2022Server-10.0.20348-SP0
cwd              : D:\a\AutoTestingSystem\AutoTestingSystem
tests_dir        : D:\a\AutoTestingSystem\AutoTestingSystem\tests
os               : windows
arch             : amd64
----------------------
---- STDOUT ----

---- STDERR ----
Traceback (most recent call last):
  File "D:\a\AutoTestingSystem\AutoTestingSystem\tests\diamondgotcat.ypsh.py", line 89, in <module>
    main()
  File "D:\a\AutoTestingSystem\AutoTestingSystem\tests\diamondgotcat.ypsh.py", line 80, in main
    execFilePath = download_and_extract(stableTag, osname, arch)
                   ^^^^^^^^^^^^^^^^^^^^^^^^^^^^^^^^^^^^^^^^^^^^^
  File "D:\a\AutoTestingSystem\AutoTestingSystem\tests\diamondgotcat.ypsh.py", line 41, in download_and_extract
    response.raise_for_status()
  File "C:\hostedtoolcache\windows\Python\3.12.10\x64\Lib\site-packages\requests\models.py", line 1026, in raise_for_status
    raise HTTPError(http_error_msg, response=self)
requests.exceptions.HTTPError: 404 Client Error: Not Found for url: https://github.com/YPSH-DGC/YPSH/releases/download/v6.5.1%0A/YPSH-windows-amd64.zip
-----------------
End   (UTC)    : 2025-08-27T05:04:14.777075+00:00
Duration (s)   : 0.970379
Return Code    : 1
======================
