==== TEST RUN LOG ====
Test Name      : diamondgotcat.ypsh
Test File      : /home/runner/work/AutoTestingSystem/AutoTestingSystem/tests/diamondgotcat.ypsh.py
Command        : /opt/hostedtoolcache/Python/3.12.11/arm64/bin/python /home/runner/work/AutoTestingSystem/AutoTestingSystem/tests/diamondgotcat.ypsh.py
Start (UTC)    : 2025-08-27T05:07:38.949841+00:00
Epoch (ns)     : 1756271258949826283
---- ENVIRONMENT ----
python_executable: /opt/hostedtoolcache/Python/3.12.11/arm64/bin/python
python_version   : 3.12.11 (main, Jun  4 2025, 04:16:00) [GCC 11.4.0]
platform         : Linux-6.8.0-1029-azure-aarch64-with-glibc2.35
cwd              : /home/runner/work/AutoTestingSystem/AutoTestingSystem
tests_dir        : /home/runner/work/AutoTestingSystem/AutoTestingSystem/tests
os               : linux
arch             : arm64
----------------------
---- STDOUT ----
Test Case 1: print the 'ypsh.version'
---- STDERR ----
Traceback (most recent call last):
  File "/home/runner/work/AutoTestingSystem/AutoTestingSystem/tests/diamondgotcat.ypsh.py", line 89, in <module>
    main()
  File "/home/runner/work/AutoTestingSystem/AutoTestingSystem/tests/diamondgotcat.ypsh.py", line 83, in main
    print(runWithStdin(execFilePath, TestCase1))
          ^^^^^^^^^^^^^^^^^^^^^^^^^^^^^^^^^^^^^
  File "/home/runner/work/AutoTestingSystem/AutoTestingSystem/tests/diamondgotcat.ypsh.py", line 57, in runWithStdin
    result = subprocess.run(
             ^^^^^^^^^^^^^^^
  File "/opt/hostedtoolcache/Python/3.12.11/arm64/lib/python3.12/subprocess.py", line 548, in run
    with Popen(*popenargs, **kwargs) as process:
         ^^^^^^^^^^^^^^^^^^^^^^^^^^^
  File "/opt/hostedtoolcache/Python/3.12.11/arm64/lib/python3.12/subprocess.py", line 1026, in __init__
    self._execute_child(args, executable, preexec_fn, close_fds,
  File "/opt/hostedtoolcache/Python/3.12.11/arm64/lib/python3.12/subprocess.py", line 1955, in _execute_child
    raise child_exception_type(errno_num, err_msg, err_filename)
PermissionError: [Errno 13] Permission denied: '/home/runner/work/AutoTestingSystem/AutoTestingSystem/tmp/YPSH-linux-arm64'
-----------------
End   (UTC)    : 2025-08-27T05:07:41.253337+00:00
Duration (s)   : 2.303496
Return Code    : 1
======================
