==== TEST RUN LOG ====
Test Name      : diamondgotcat.ypsh
Test File      : C:\a\AutoTestingSystem\AutoTestingSystem\tests\diamondgotcat.ypsh.py
Command        : C:\hostedtoolcache\windows\Python\3.12.10\arm64\python.exe C:\a\AutoTestingSystem\AutoTestingSystem\tests\diamondgotcat.ypsh.py
Start (UTC)    : 2025-08-27T05:05:23.397481+00:00
Epoch (ns)     : 1756271123358530400
---- ENVIRONMENT ----
python_executable: C:\hostedtoolcache\windows\Python\3.12.10\arm64\python.exe
python_version   : 3.12.10 (tags/v3.12.10:0cc8128, Apr  8 2025, 12:31:18) [MSC v.1943 64 bit (ARM64)]
platform         : Windows-11-10.0.26100-SP0
cwd              : C:\a\AutoTestingSystem\AutoTestingSystem
tests_dir        : C:\a\AutoTestingSystem\AutoTestingSystem\tests
os               : windows
arch             : arm64
----------------------
---- STDOUT ----

---- STDERR ----
Traceback (most recent call last):
  File "C:\a\AutoTestingSystem\AutoTestingSystem\tests\diamondgotcat.ypsh.py", line 89, in <module>
    main()
  File "C:\a\AutoTestingSystem\AutoTestingSystem\tests\diamondgotcat.ypsh.py", line 80, in main
    execFilePath = download_and_extract(stableTag, osname, arch)
                   ^^^^^^^^^^^^^^^^^^^^^^^^^^^^^^^^^^^^^^^^^^^^^
  File "C:\a\AutoTestingSystem\AutoTestingSystem\tests\diamondgotcat.ypsh.py", line 41, in download_and_extract
    response.raise_for_status()
  File "C:\hostedtoolcache\windows\Python\3.12.10\arm64\Lib\site-packages\requests\models.py", line 1026, in raise_for_status
    raise HTTPError(http_error_msg, response=self)
requests.exceptions.HTTPError: 404 Client Error: Not Found for url: https://github.com/YPSH-DGC/YPSH/releases/download/v6.5.1%0A/YPSH-windows-arm64.zip
-----------------
End   (UTC)    : 2025-08-27T05:05:24.442831+00:00
Duration (s)   : 1.045350
Return Code    : 1
======================
