==== TEST RUN LOG ====
Test Name      : diamondgotcat.ypsh
Test File      : C:\a\AutoTestingSystem\AutoTestingSystem\tests\diamondgotcat.ypsh.py
Command        : C:\hostedtoolcache\windows\Python\3.12.10\arm64\python.exe C:\a\AutoTestingSystem\AutoTestingSystem\tests\diamondgotcat.ypsh.py
Start (UTC)    : 2025-08-27T05:08:13.858704+00:00
Epoch (ns)     : 1756271293824804600
---- ENVIRONMENT ----
python_executable: C:\hostedtoolcache\windows\Python\3.12.10\arm64\python.exe
python_version   : 3.12.10 (tags/v3.12.10:0cc8128, Apr  8 2025, 12:31:18) [MSC v.1943 64 bit (ARM64)]
platform         : Windows-11-10.0.26100-SP0
cwd              : C:\a\AutoTestingSystem\AutoTestingSystem
tests_dir        : C:\a\AutoTestingSystem\AutoTestingSystem\tests
os               : windows
arch             : arm64
----------------------
---- STDOUT ----
Test Case 1: print the 'ypsh.version'
---- STDERR ----
Traceback (most recent call last):
  File "C:\a\AutoTestingSystem\AutoTestingSystem\tests\diamondgotcat.ypsh.py", line 89, in <module>
    main()
  File "C:\a\AutoTestingSystem\AutoTestingSystem\tests\diamondgotcat.ypsh.py", line 83, in main
    print(runWithStdin(execFilePath, TestCase1))
          ^^^^^^^^^^^^^^^^^^^^^^^^^^^^^^^^^^^^^
  File "C:\a\AutoTestingSystem\AutoTestingSystem\tests\diamondgotcat.ypsh.py", line 57, in runWithStdin
    result = subprocess.run(
             ^^^^^^^^^^^^^^^
  File "C:\hostedtoolcache\windows\Python\3.12.10\arm64\Lib\subprocess.py", line 550, in run
    stdout, stderr = process.communicate(input, timeout=timeout)
                     ^^^^^^^^^^^^^^^^^^^^^^^^^^^^^^^^^^^^^^^^^^^
  File "C:\hostedtoolcache\windows\Python\3.12.10\arm64\Lib\subprocess.py", line 1209, in communicate
    stdout, stderr = self._communicate(input, endtime, timeout)
                     ^^^^^^^^^^^^^^^^^^^^^^^^^^^^^^^^^^^^^^^^^^
  File "C:\hostedtoolcache\windows\Python\3.12.10\arm64\Lib\subprocess.py", line 1622, in _communicate
    self._stdin_write(input)
  File "C:\hostedtoolcache\windows\Python\3.12.10\arm64\Lib\subprocess.py", line 1143, in _stdin_write
    self.stdin.write(input)
TypeError: write() argument must be str, not bytes
-----------------
End   (UTC)    : 2025-08-27T05:08:15.615877+00:00
Duration (s)   : 1.757173
Return Code    : 1
======================
