==== TEST RUN LOG ====
Test Name      : diamondgotcat.ypsh
Test File      : /home/runner/work/AutoTestingSystem/AutoTestingSystem/tests/diamondgotcat.ypsh.py
Command        : /opt/hostedtoolcache/Python/3.12.11/arm64/bin/python /home/runner/work/AutoTestingSystem/AutoTestingSystem/tests/diamondgotcat.ypsh.py
Start (UTC)    : 2025-08-27T05:00:30.310706+00:00
Epoch (ns)     : 1756270830310690814
---- ENVIRONMENT ----
python_executable: /opt/hostedtoolcache/Python/3.12.11/arm64/bin/python
python_version   : 3.12.11 (main, Jun  4 2025, 04:16:00) [GCC 11.4.0]
platform         : Linux-6.8.0-1029-azure-aarch64-with-glibc2.35
cwd              : /home/runner/work/AutoTestingSystem/AutoTestingSystem
tests_dir        : /home/runner/work/AutoTestingSystem/AutoTestingSystem/tests
os               : linux
arch             : arm64
----------------------
---- STDOUT ----

---- STDERR ----

-----------------
End   (UTC)    : 2025-08-27T05:00:30.417362+00:00
Duration (s)   : 0.106656
Return Code    : 0
======================
