==== TEST RUN LOG ====
Test Name      : diamondgotcat.ypsh
Test File      : /Users/runner/work/AutoTestingSystem/AutoTestingSystem/tests/diamondgotcat.ypsh.py
Command        : /Library/Frameworks/Python.framework/Versions/3.12/bin/python /Users/runner/work/AutoTestingSystem/AutoTestingSystem/tests/diamondgotcat.ypsh.py
Start (UTC)    : 2025-08-27T04:53:27.917415+00:00
Epoch (ns)     : 1756270407917382000
---- ENVIRONMENT ----
python_executable: /Library/Frameworks/Python.framework/Versions/3.12/bin/python
python_version   : 3.12.10 (v3.12.10:0cc81280367, Apr  8 2025, 08:47:00) [Clang 13.0.0 (clang-1300.0.29.30)]
platform         : macOS-13.7.6-x86_64-i386-64bit
cwd              : /Users/runner/work/AutoTestingSystem/AutoTestingSystem
tests_dir        : /Users/runner/work/AutoTestingSystem/AutoTestingSystem/tests
os               : macos
arch             : amd64
----------------------
---- STDOUT ----

---- STDERR ----

-----------------
End   (UTC)    : 2025-08-27T04:53:28.111934+00:00
Duration (s)   : 0.194519
Return Code    : 0
======================
