==== TEST RUN LOG ====
Test Name      : diamondgotcat.ypsh
Test File      : /home/runner/work/AutoTestingSystem/AutoTestingSystem/tests/diamondgotcat.ypsh.py
Command        : /opt/hostedtoolcache/Python/3.12.11/x64/bin/python /home/runner/work/AutoTestingSystem/AutoTestingSystem/tests/diamondgotcat.ypsh.py
Start (UTC)    : 2025-08-27T04:50:59.468770+00:00
Epoch (ns)     : 1756270259468753334
---- ENVIRONMENT ----
python_executable: /opt/hostedtoolcache/Python/3.12.11/x64/bin/python
python_version   : 3.12.11 (main, Jun  4 2025, 04:14:37) [GCC 11.4.0]
platform         : Linux-6.8.0-1031-azure-x86_64-with-glibc2.35
cwd              : /home/runner/work/AutoTestingSystem/AutoTestingSystem
tests_dir        : /home/runner/work/AutoTestingSystem/AutoTestingSystem/tests
os               : linux
arch             : amd64
----------------------
---- STDOUT ----

---- STDERR ----

-----------------
End   (UTC)    : 2025-08-27T04:50:59.591534+00:00
Duration (s)   : 0.122764
Return Code    : 0
======================
